{
  "RSpec": {
    "coverage": {
      "/Users/budros/Projects/MAKERS/refactoring_codewars/spec/collatz_spec.rb": [
        1,
        1,
        1,
        1,
        null,
        null,
        1,
        1,
        null,
        null
      ],
      "/Users/budros/Projects/MAKERS/refactoring_codewars/lib/collatz.rb": [
        1,
        9,
        null,
        null,
        1,
        2,
        2,
        9,
        9,
        null,
        2,
        null,
        null,
        null,
        null,
        null
      ],
      "/Users/budros/Projects/MAKERS/refactoring_codewars/spec/set_alarm_spec.rb": [
        1,
        1,
        1,
        1,
        1,
        null,
        null,
        1,
        1,
        1,
        null,
        null,
        1,
        1,
        null,
        null
      ],
      "/Users/budros/Projects/MAKERS/refactoring_codewars/lib/set_alarm.rb": [
        1,
        5,
        null,
        null,
        null,
        null,
        null
      ],
      "/Users/budros/Projects/MAKERS/refactoring_codewars/spec/vowel_count_spec.rb": [
        1,
        null,
        1,
        1,
        1,
        null,
        null,
        1,
        1,
        null,
        null,
        1,
        1,
        null,
        null
      ],
      "/Users/budros/Projects/MAKERS/refactoring_codewars/lib/vowel_count.rb": [
        1,
        null,
        1,
        3,
        3,
        null,
        3,
        23,
        null,
        null,
        null,
        null,
        null,
        null,
        null,
        null,
        null,
        null,
        3,
        null,
        null,
        null,
        null,
        null
      ]
    },
    "timestamp": 1556802876
  }
}
